[INFO] Scanning for projects...
[INFO] Reactor build order: 
[INFO]   Gerrit Code Review - Parent
[INFO]   Gerrit Code Review - Utility - SSL
[INFO]   Gerrit Code Review - Patch commons-net
[INFO]   Gerrit Code Review - Utility - CLI
[INFO]   Gerrit Code Review - Common
[INFO]   Gerrit Code Review - Launcher
[INFO]   Gerrit Code Review - Server
[INFO]   Gerrit Code Review - HTTPd
[INFO]   Gerrit Code Review - Main
[INFO]   Gerrit Code Review - SSHd
[INFO]   Gerrit Code Review - Pgm
[INFO]   Gerrit Code Review - WAR
[INFO] ------------------------------------------------------------------------
[INFO] Building Gerrit Code Review - Parent
[INFO]    task-segment: [clean, install]
[INFO] ------------------------------------------------------------------------
[INFO] [clean:clean {execution: default-clean}]
[INFO] [site:attach-descriptor {execution: default-attach-descriptor}]
[INFO] Preparing source:jar
[WARNING] Removing: jar from forked lifecycle, to prevent recursive invocation.
[INFO] No goals needed for project - skipping
[INFO] [source:jar {execution: default}]
[INFO] [install:install {execution: default-install}]
[INFO] Installing /home/roberto/development/gerrit/pom.xml to /home/roberto/.m2/repository/com/madgag/gerrit-parent/2.1-SNAPSHOT/gerrit-parent-2.1-SNAPSHOT.pom
[INFO] ------------------------------------------------------------------------
[INFO] Building Gerrit Code Review - Utility - SSL
[INFO]    task-segment: [clean, install]
[INFO] ------------------------------------------------------------------------
[INFO] [clean:clean {execution: default-clean}]
[INFO] Deleting file set: /home/roberto/development/gerrit/gerrit-util-ssl/target (included: [**], excluded: [])
[INFO] [resources:resources {execution: default-resources}]
[INFO] Using 'UTF-8' encoding to copy filtered resources.
[INFO] skip non existing resourceDirectory /home/roberto/development/gerrit/gerrit-util-ssl/src/main/resources
[INFO] [compiler:compile {execution: default-compile}]
[INFO] Compiling 1 source file to /home/roberto/development/gerrit/gerrit-util-ssl/target/classes
[INFO] [resources:testResources {execution: default-testResources}]
[INFO] Using 'UTF-8' encoding to copy filtered resources.
[INFO] skip non existing resourceDirectory /home/roberto/development/gerrit/gerrit-util-ssl/src/test/resources
[INFO] [compiler:testCompile {execution: default-testCompile}]
[INFO] No sources to compile
[INFO] [surefire:test {execution: default-test}]
[INFO] No tests to run.
[INFO] [jar:jar {execution: default-jar}]
[INFO] Building jar: /home/roberto/development/gerrit/gerrit-util-ssl/target/gerrit-util-ssl-2.1-SNAPSHOT.jar
[INFO] Preparing source:jar
[WARNING] Removing: jar from forked lifecycle, to prevent recursive invocation.
[INFO] No goals needed for project - skipping
[INFO] [source:jar {execution: default}]
[INFO] Building jar: /home/roberto/development/gerrit/gerrit-util-ssl/target/gerrit-util-ssl-2.1-SNAPSHOT-sources.jar
[INFO] [install:install {execution: default-install}]
[INFO] Installing /home/roberto/development/gerrit/gerrit-util-ssl/target/gerrit-util-ssl-2.1-SNAPSHOT.jar to /home/roberto/.m2/repository/com/madgag/gerrit-util-ssl/2.1-SNAPSHOT/gerrit-util-ssl-2.1-SNAPSHOT.jar
[INFO] Installing /home/roberto/development/gerrit/gerrit-util-ssl/target/gerrit-util-ssl-2.1-SNAPSHOT-sources.jar to /home/roberto/.m2/repository/com/madgag/gerrit-util-ssl/2.1-SNAPSHOT/gerrit-util-ssl-2.1-SNAPSHOT-sources.jar
[INFO] ------------------------------------------------------------------------
[INFO] Building Gerrit Code Review - Patch commons-net
[INFO]    task-segment: [clean, install]
[INFO] ------------------------------------------------------------------------
[INFO] [clean:clean {execution: default-clean}]
[INFO] Deleting file set: /home/roberto/development/gerrit/gerrit-patch-commonsnet/target (included: [**], excluded: [])
[INFO] [resources:resources {execution: default-resources}]
[INFO] Using 'UTF-8' encoding to copy filtered resources.
[INFO] skip non existing resourceDirectory /home/roberto/development/gerrit/gerrit-patch-commonsnet/src/main/resources
[INFO] [compiler:compile {execution: default-compile}]
[INFO] Compiling 1 source file to /home/roberto/development/gerrit/gerrit-patch-commonsnet/target/classes
[INFO] [resources:testResources {execution: default-testResources}]
[INFO] Using 'UTF-8' encoding to copy filtered resources.
[INFO] skip non existing resourceDirectory /home/roberto/development/gerrit/gerrit-patch-commonsnet/src/test/resources
[INFO] [compiler:testCompile {execution: default-testCompile}]
[INFO] No sources to compile
[INFO] [surefire:test {execution: default-test}]
[INFO] No tests to run.
[INFO] [jar:jar {execution: default-jar}]
[INFO] Building jar: /home/roberto/development/gerrit/gerrit-patch-commonsnet/target/gerrit-patch-commonsnet-2.1-SNAPSHOT.jar
[INFO] Preparing source:jar
[WARNING] Removing: jar from forked lifecycle, to prevent recursive invocation.
[INFO] No goals needed for project - skipping
[INFO] [source:jar {execution: default}]
[INFO] Building jar: /home/roberto/development/gerrit/gerrit-patch-commonsnet/target/gerrit-patch-commonsnet-2.1-SNAPSHOT-sources.jar
[INFO] [install:install {execution: default-install}]
[INFO] Installing /home/roberto/development/gerrit/gerrit-patch-commonsnet/target/gerrit-patch-commonsnet-2.1-SNAPSHOT.jar to /home/roberto/.m2/repository/com/madgag/gerrit-patch-commonsnet/2.1-SNAPSHOT/gerrit-patch-commonsnet-2.1-SNAPSHOT.jar
[INFO] Installing /home/roberto/development/gerrit/gerrit-patch-commonsnet/target/gerrit-patch-commonsnet-2.1-SNAPSHOT-sources.jar to /home/roberto/.m2/repository/com/madgag/gerrit-patch-commonsnet/2.1-SNAPSHOT/gerrit-patch-commonsnet-2.1-SNAPSHOT-sources.jar
[INFO] ------------------------------------------------------------------------
[INFO] Building Gerrit Code Review - Utility - CLI
[INFO]    task-segment: [clean, install]
[INFO] ------------------------------------------------------------------------
[INFO] [clean:clean {execution: default-clean}]
[INFO] Deleting file set: /home/roberto/development/gerrit/gerrit-util-cli/target (included: [**], excluded: [])
[INFO] [resources:resources {execution: default-resources}]
[INFO] Using 'UTF-8' encoding to copy filtered resources.
[INFO] skip non existing resourceDirectory /home/roberto/development/gerrit/gerrit-util-cli/src/main/resources
[INFO] [compiler:compile {execution: default-compile}]
[INFO] Compiling 4 source files to /home/roberto/development/gerrit/gerrit-util-cli/target/classes
[INFO] [resources:testResources {execution: default-testResources}]
[INFO] Using 'UTF-8' encoding to copy filtered resources.
[INFO] skip non existing resourceDirectory /home/roberto/development/gerrit/gerrit-util-cli/src/test/resources
[INFO] [compiler:testCompile {execution: default-testCompile}]
[INFO] No sources to compile
[INFO] [surefire:test {execution: default-test}]
[INFO] No tests to run.
[INFO] [jar:jar {execution: default-jar}]
[INFO] Building jar: /home/roberto/development/gerrit/gerrit-util-cli/target/gerrit-util-cli-2.1-SNAPSHOT.jar
[INFO] Preparing source:jar
[WARNING] Removing: jar from forked lifecycle, to prevent recursive invocation.
[INFO] No goals needed for project - skipping
[INFO] [source:jar {execution: default}]
[INFO] Building jar: /home/roberto/development/gerrit/gerrit-util-cli/target/gerrit-util-cli-2.1-SNAPSHOT-sources.jar
[INFO] [install:install {execution: default-install}]
[INFO] Installing /home/roberto/development/gerrit/gerrit-util-cli/target/gerrit-util-cli-2.1-SNAPSHOT.jar to /home/roberto/.m2/repository/com/madgag/gerrit-util-cli/2.1-SNAPSHOT/gerrit-util-cli-2.1-SNAPSHOT.jar
[INFO] Installing /home/roberto/development/gerrit/gerrit-util-cli/target/gerrit-util-cli-2.1-SNAPSHOT-sources.jar to /home/roberto/.m2/repository/com/madgag/gerrit-util-cli/2.1-SNAPSHOT/gerrit-util-cli-2.1-SNAPSHOT-sources.jar
[INFO] ------------------------------------------------------------------------
[INFO] Building Gerrit Code Review - Common
[INFO]    task-segment: [clean, install]
[INFO] ------------------------------------------------------------------------
[INFO] [clean:clean {execution: default-clean}]
[INFO] Deleting file set: /home/roberto/development/gerrit/gerrit-common/target (included: [**], excluded: [])
[INFO] [antrun:run {execution: generate-version}]
[INFO] Executing tasks

main:
    [mkdir] Created dir: /home/roberto/development/gerrit/gerrit-common/target/classes/com/google/gerrit/common
[INFO] Executed tasks
[INFO] [resources:resources {execution: default-resources}]
[INFO] Using 'UTF-8' encoding to copy filtered resources.
[INFO] skip non existing resourceDirectory /home/roberto/development/gerrit/gerrit-common/src/main/resources
[INFO] [compiler:compile {execution: default-compile}]
[INFO] Compiling 3 source files to /home/roberto/development/gerrit/gerrit-common/target/classes
[INFO] [resources:testResources {execution: default-testResources}]
[INFO] Using 'UTF-8' encoding to copy filtered resources.
[INFO] skip non existing resourceDirectory /home/roberto/development/gerrit/gerrit-common/src/test/resources
[INFO] [compiler:testCompile {execution: default-testCompile}]
[INFO] Compiling 1 source file to /home/roberto/development/gerrit/gerrit-common/target/test-classes
[INFO] [surefire:test {execution: default-test}]
[INFO] Surefire report directory: /home/roberto/development/gerrit/gerrit-common/target/surefire-reports

-------------------------------------------------------
 T E S T S
-------------------------------------------------------
Running com.google.gerrit.common.data.ParamertizedStringTest
Tests run: 10, Failures: 0, Errors: 0, Skipped: 0, Time elapsed: 0.04 sec

Results :

Tests run: 10, Failures: 0, Errors: 0, Skipped: 0

[INFO] [jar:jar {execution: default-jar}]
[INFO] Building jar: /home/roberto/development/gerrit/gerrit-common/target/gerrit-common-2.1-SNAPSHOT.jar
[INFO] Preparing source:jar
[WARNING] Removing: jar from forked lifecycle, to prevent recursive invocation.
[INFO] No goals needed for project - skipping
[INFO] [source:jar {execution: default}]
[INFO] Building jar: /home/roberto/development/gerrit/gerrit-common/target/gerrit-common-2.1-SNAPSHOT-sources.jar
[INFO] [install:install {execution: default-install}]
[INFO] Installing /home/roberto/development/gerrit/gerrit-common/target/gerrit-common-2.1-SNAPSHOT.jar to /home/roberto/.m2/repository/com/madgag/gerrit-common/2.1-SNAPSHOT/gerrit-common-2.1-SNAPSHOT.jar
[INFO] Installing /home/roberto/development/gerrit/gerrit-common/target/gerrit-common-2.1-SNAPSHOT-sources.jar to /home/roberto/.m2/repository/com/madgag/gerrit-common/2.1-SNAPSHOT/gerrit-common-2.1-SNAPSHOT-sources.jar
[INFO] ------------------------------------------------------------------------
[INFO] Building Gerrit Code Review - Launcher
[INFO]    task-segment: [clean, install]
[INFO] ------------------------------------------------------------------------
[INFO] [clean:clean {execution: default-clean}]
[INFO] Deleting file set: /home/roberto/development/gerrit/gerrit-launcher/target (included: [**], excluded: [])
[INFO] [resources:resources {execution: default-resources}]
[INFO] Using 'UTF-8' encoding to copy filtered resources.
[INFO] skip non existing resourceDirectory /home/roberto/development/gerrit/gerrit-launcher/src/main/resources
[INFO] [compiler:compile {execution: default-compile}]
[INFO] Compiling 1 source file to /home/roberto/development/gerrit/gerrit-launcher/target/classes
[INFO] [resources:testResources {execution: default-testResources}]
[INFO] Using 'UTF-8' encoding to copy filtered resources.
[INFO] skip non existing resourceDirectory /home/roberto/development/gerrit/gerrit-launcher/src/test/resources
[INFO] [compiler:testCompile {execution: default-testCompile}]
[INFO] No sources to compile
[INFO] [surefire:test {execution: default-test}]
[INFO] No tests to run.
[INFO] [jar:jar {execution: default-jar}]
[INFO] Building jar: /home/roberto/development/gerrit/gerrit-launcher/target/gerrit-launcher-2.1-SNAPSHOT.jar
[INFO] Preparing source:jar
[WARNING] Removing: jar from forked lifecycle, to prevent recursive invocation.
[INFO] No goals needed for project - skipping
[INFO] [source:jar {execution: default}]
[INFO] Building jar: /home/roberto/development/gerrit/gerrit-launcher/target/gerrit-launcher-2.1-SNAPSHOT-sources.jar
[INFO] [install:install {execution: default-install}]
[INFO] Installing /home/roberto/development/gerrit/gerrit-launcher/target/gerrit-launcher-2.1-SNAPSHOT.jar to /home/roberto/.m2/repository/com/madgag/gerrit-launcher/2.1-SNAPSHOT/gerrit-launcher-2.1-SNAPSHOT.jar
[INFO] Installing /home/roberto/development/gerrit/gerrit-launcher/target/gerrit-launcher-2.1-SNAPSHOT-sources.jar to /home/roberto/.m2/repository/com/madgag/gerrit-launcher/2.1-SNAPSHOT/gerrit-launcher-2.1-SNAPSHOT-sources.jar
[INFO] ------------------------------------------------------------------------
[INFO] Building Gerrit Code Review - Server
[INFO]    task-segment: [clean, install]
[INFO] ------------------------------------------------------------------------
[INFO] [clean:clean {execution: default-clean}]
[INFO] Deleting file set: /home/roberto/development/gerrit/gerrit-server/target (included: [**], excluded: [])
[INFO] [antlr3:antlr {execution: default}]
[INFO] No ANTLR grammars to compile in /home/roberto/development/gerrit/gerrit-server/src/main/antlr3
[INFO] [resources:resources {execution: default-resources}]
[INFO] Using 'UTF-8' encoding to copy filtered resources.
[INFO] skip non existing resourceDirectory /home/roberto/development/gerrit/gerrit-server/src/main/resources
[INFO] [compiler:compile {execution: default-compile}]
[INFO] Compiling 59 source files to /home/roberto/development/gerrit/gerrit-server/target/classes
[INFO] [resources:testResources {execution: default-testResources}]
[INFO] Using 'UTF-8' encoding to copy filtered resources.
[INFO] skip non existing resourceDirectory /home/roberto/development/gerrit/gerrit-server/src/test/resources
[INFO] [compiler:testCompile {execution: default-testCompile}]
[INFO] Compiling 9 source files to /home/roberto/development/gerrit/gerrit-server/target/test-classes
[INFO] -------------------------------------------------------------
[ERROR] COMPILATION ERROR : 
[INFO] -------------------------------------------------------------
[ERROR] /home/roberto/development/gerrit/gerrit-server/src/test/java/com/google/gerrit/testutil/InMemoryDatabase.java:[17,33] package com.google.gerrit.reviewdb does not exist
[ERROR] /home/roberto/development/gerrit/gerrit-server/src/test/java/com/google/gerrit/testutil/InMemoryDatabase.java:[18,33] package com.google.gerrit.reviewdb does not exist
[ERROR] /home/roberto/development/gerrit/gerrit-server/src/test/java/com/google/gerrit/testutil/InMemoryDatabase.java:[19,33] package com.google.gerrit.reviewdb does not exist
[ERROR] /home/roberto/development/gerrit/gerrit-server/src/test/java/com/google/gerrit/testutil/InMemoryDatabase.java:[20,38] package com.google.gerrit.server.schema does not exist
[ERROR] /home/roberto/development/gerrit/gerrit-server/src/test/java/com/google/gerrit/testutil/InMemoryDatabase.java:[21,38] package com.google.gerrit.server.schema does not exist
[ERROR] /home/roberto/development/gerrit/gerrit-server/src/test/java/com/google/gerrit/testutil/InMemoryDatabase.java:[22,38] package com.google.gerrit.server.schema does not exist
[ERROR] /home/roberto/development/gerrit/gerrit-server/src/test/java/com/google/gerrit/testutil/InMemoryDatabase.java:[23,31] package com.google.gwtorm.client does not exist
[ERROR] /home/roberto/development/gerrit/gerrit-server/src/test/java/com/google/gerrit/testutil/InMemoryDatabase.java:[24,31] package com.google.gwtorm.client does not exist
[ERROR] /home/roberto/development/gerrit/gerrit-server/src/test/java/com/google/gerrit/testutil/InMemoryDatabase.java:[25,29] package com.google.gwtorm.jdbc does not exist
[ERROR] /home/roberto/development/gerrit/gerrit-server/src/test/java/com/google/gerrit/testutil/InMemoryDatabase.java:[26,29] package com.google.gwtorm.jdbc does not exist
[ERROR] /home/roberto/development/gerrit/gerrit-server/src/test/java/com/google/gerrit/testutil/InMemoryDatabase.java:[48,41] cannot find symbol
symbol: class SchemaFactory
public class InMemoryDatabase implements SchemaFactory<ReviewDb> {
[ERROR] /home/roberto/development/gerrit/gerrit-server/src/test/java/com/google/gerrit/testutil/InMemoryDatabase.java:[48,55] cannot find symbol
symbol: class ReviewDb
public class InMemoryDatabase implements SchemaFactory<ReviewDb> {
[ERROR] /home/roberto/development/gerrit/gerrit-server/src/test/java/com/google/gerrit/testutil/InMemoryDatabase.java:[48,54] interface expected here
[ERROR] /home/roberto/development/gerrit/gerrit-server/src/test/java/com/google/gerrit/testutil/InMemoryDatabase.java:[67,10] cannot find symbol
symbol  : class Database
location: class com.google.gerrit.testutil.InMemoryDatabase
[ERROR] /home/roberto/development/gerrit/gerrit-server/src/test/java/com/google/gerrit/testutil/InMemoryDatabase.java:[67,19] cannot find symbol
symbol  : class ReviewDb
location: class com.google.gerrit.testutil.InMemoryDatabase
[ERROR] /home/roberto/development/gerrit/gerrit-server/src/test/java/com/google/gerrit/testutil/InMemoryDatabase.java:[69,10] cannot find symbol
symbol  : class SchemaVersion
location: class com.google.gerrit.testutil.InMemoryDatabase
[ERROR] /home/roberto/development/gerrit/gerrit-server/src/test/java/com/google/gerrit/testutil/InMemoryDatabase.java:[71,35] cannot find symbol
symbol  : class OrmException
location: class com.google.gerrit.testutil.InMemoryDatabase
[ERROR] /home/roberto/development/gerrit/gerrit-server/src/test/java/com/google/gerrit/testutil/InMemoryDatabase.java:[93,9] cannot find symbol
symbol  : class Database
location: class com.google.gerrit.testutil.InMemoryDatabase
[ERROR] /home/roberto/development/gerrit/gerrit-server/src/test/java/com/google/gerrit/testutil/InMemoryDatabase.java:[93,18] cannot find symbol
symbol  : class ReviewDb
location: class com.google.gerrit.testutil.InMemoryDatabase
[ERROR] /home/roberto/development/gerrit/gerrit-server/src/test/java/com/google/gerrit/testutil/InMemoryDatabase.java:[98,9] cannot find symbol
symbol  : class ReviewDb
location: class com.google.gerrit.testutil.InMemoryDatabase
[ERROR] /home/roberto/development/gerrit/gerrit-server/src/test/java/com/google/gerrit/testutil/InMemoryDatabase.java:[98,32] cannot find symbol
symbol  : class OrmException
location: class com.google.gerrit.testutil.InMemoryDatabase
[ERROR] /home/roberto/development/gerrit/gerrit-server/src/test/java/com/google/gerrit/testutil/InMemoryDatabase.java:[103,42] cannot find symbol
symbol  : class OrmException
location: class com.google.gerrit.testutil.InMemoryDatabase
[ERROR] /home/roberto/development/gerrit/gerrit-server/src/test/java/com/google/gerrit/testutil/InMemoryDatabase.java:[130,9] cannot find symbol
symbol  : class SystemConfig
location: class com.google.gerrit.testutil.InMemoryDatabase
[ERROR] /home/roberto/development/gerrit/gerrit-server/src/test/java/com/google/gerrit/testutil/InMemoryDatabase.java:[138,9] cannot find symbol
symbol  : class CurrentSchemaVersion
location: class com.google.gerrit.testutil.InMemoryDatabase
[ERROR] /home/roberto/development/gerrit/gerrit-server/src/test/java/com/google/gerrit/testutil/InMemoryDatabase.java:[138,56] cannot find symbol
symbol  : class OrmException
location: class com.google.gerrit.testutil.InMemoryDatabase
[ERROR] /home/roberto/development/gerrit/gerrit-server/src/test/java/com/google/gerrit/testutil/InMemoryDatabase.java:[147,43] cannot find symbol
symbol  : class OrmException
location: class com.google.gerrit.testutil.InMemoryDatabase
[ERROR] /home/roberto/development/gerrit/gerrit-server/src/test/java/com/google/gerrit/server/patch/PatchListEntryTest.java:[18,33] package com.google.gerrit.reviewdb does not exist
[ERROR] /home/roberto/development/gerrit/gerrit-server/src/test/java/com/google/gerrit/testutil/InMemoryDatabase.java:[55,38] cannot find symbol
symbol  : class SimpleDataSource
location: class com.google.gerrit.testutil.InMemoryDatabase
[ERROR] /home/roberto/development/gerrit/gerrit-server/src/test/java/com/google/gerrit/testutil/InMemoryDatabase.java:[83,21] cannot find symbol
symbol  : class Database
location: class com.google.gerrit.testutil.InMemoryDatabase
[ERROR] /home/roberto/development/gerrit/gerrit-server/src/test/java/com/google/gerrit/testutil/InMemoryDatabase.java:[83,30] cannot find symbol
symbol  : class ReviewDb
location: class com.google.gerrit.testutil.InMemoryDatabase
[ERROR] /home/roberto/development/gerrit/gerrit-server/src/test/java/com/google/gerrit/testutil/InMemoryDatabase.java:[83,52] cannot find symbol
symbol  : class ReviewDb
location: class com.google.gerrit.testutil.InMemoryDatabase
[ERROR] /home/roberto/development/gerrit/gerrit-server/src/test/java/com/google/gerrit/testutil/InMemoryDatabase.java:[87,22] cannot find symbol
symbol  : class SchemaVersion
location: class com.google.gerrit.testutil.InMemoryDatabase
[ERROR] /home/roberto/development/gerrit/gerrit-server/src/test/java/com/google/gerrit/testutil/InMemoryDatabase.java:[87,43] cannot find symbol
symbol  : class Current
location: class com.google.gerrit.testutil.InMemoryDatabase
[ERROR] /home/roberto/development/gerrit/gerrit-server/src/test/java/com/google/gerrit/testutil/InMemoryDatabase.java:[86,48] package SchemaVersion does not exist
[ERROR] /home/roberto/development/gerrit/gerrit-server/src/test/java/com/google/gerrit/testutil/InMemoryDatabase.java:[89,16] cannot find symbol
symbol  : class OrmException
location: class com.google.gerrit.testutil.InMemoryDatabase
[ERROR] /home/roberto/development/gerrit/gerrit-server/src/test/java/com/google/gerrit/testutil/InMemoryDatabase.java:[97,2] method does not override or implement a method from a supertype
[ERROR] /home/roberto/development/gerrit/gerrit-server/src/test/java/com/google/gerrit/testutil/InMemoryDatabase.java:[106,12] cannot find symbol
symbol  : class ReviewDb
location: class com.google.gerrit.testutil.InMemoryDatabase
[ERROR] /home/roberto/development/gerrit/gerrit-server/src/test/java/com/google/gerrit/testutil/InMemoryDatabase.java:[108,12] cannot find symbol
symbol  : class SchemaCreator
location: class com.google.gerrit.testutil.InMemoryDatabase
[ERROR] /home/roberto/development/gerrit/gerrit-server/src/test/java/com/google/gerrit/testutil/InMemoryDatabase.java:[131,15] cannot find symbol
symbol  : class SystemConfigProvider
location: class com.google.gerrit.testutil.InMemoryDatabase
[ERROR] /home/roberto/development/gerrit/gerrit-server/src/test/java/com/google/gerrit/testutil/InMemoryDatabase.java:[131,55] cannot find symbol
symbol  : class SchemaVersion
location: class com.google.gerrit.testutil.InMemoryDatabase
[ERROR] /home/roberto/development/gerrit/gerrit-server/src/test/java/com/google/gerrit/testutil/InMemoryDatabase.java:[132,13] cannot find symbol
symbol: class SchemaVersion
      public SchemaVersion get() {
[ERROR] /home/roberto/development/gerrit/gerrit-server/src/test/java/com/google/gerrit/testutil/InMemoryDatabase.java:[139,10] cannot find symbol
symbol  : class ReviewDb
location: class com.google.gerrit.testutil.InMemoryDatabase
[ERROR] /home/roberto/development/gerrit/gerrit-server/src/test/java/com/google/gerrit/testutil/InMemoryDatabase.java:[141,59] package CurrentSchemaVersion does not exist
[ERROR] /home/roberto/development/gerrit/gerrit-server/src/test/java/com/google/gerrit/testutil/InMemoryDatabase.java:[148,10] cannot find symbol
symbol  : class CurrentSchemaVersion
location: class com.google.gerrit.testutil.InMemoryDatabase
[ERROR] /home/roberto/development/gerrit/gerrit-server/src/test/java/com/google/gerrit/server/patch/PatchListEntryTest.java:[25,10] cannot find symbol
symbol  : class PatchListEntry
location: class com.google.gerrit.server.patch.PatchListEntryTest
[ERROR] /home/roberto/development/gerrit/gerrit-server/src/test/java/com/google/gerrit/server/patch/PatchListEntryTest.java:[25,29] cannot find symbol
symbol  : variable PatchListEntry
location: class com.google.gerrit.server.patch.PatchListEntryTest
[ERROR] /home/roberto/development/gerrit/gerrit-server/src/test/java/com/google/gerrit/server/patch/PatchListEntryTest.java:[28,20] package Patch does not exist
[ERROR] /home/roberto/development/gerrit/gerrit-server/src/test/java/com/google/gerrit/server/patch/PatchListEntryTest.java:[29,20] package Patch does not exist
[INFO] 48 errors 
[INFO] -------------------------------------------------------------
[INFO] ------------------------------------------------------------------------
[ERROR] BUILD FAILURE
[INFO] ------------------------------------------------------------------------
[INFO] Compilation failure

/home/roberto/development/gerrit/gerrit-server/src/test/java/com/google/gerrit/testutil/InMemoryDatabase.java:[17,33] package com.google.gerrit.reviewdb does not exist
/home/roberto/development/gerrit/gerrit-server/src/test/java/com/google/gerrit/testutil/InMemoryDatabase.java:[18,33] package com.google.gerrit.reviewdb does not exist
/home/roberto/development/gerrit/gerrit-server/src/test/java/com/google/gerrit/testutil/InMemoryDatabase.java:[19,33] package com.google.gerrit.reviewdb does not exist
/home/roberto/development/gerrit/gerrit-server/src/test/java/com/google/gerrit/testutil/InMemoryDatabase.java:[20,38] package com.google.gerrit.server.schema does not exist
/home/roberto/development/gerrit/gerrit-server/src/test/java/com/google/gerrit/testutil/InMemoryDatabase.java:[21,38] package com.google.gerrit.server.schema does not exist
/home/roberto/development/gerrit/gerrit-server/src/test/java/com/google/gerrit/testutil/InMemoryDatabase.java:[22,38] package com.google.gerrit.server.schema does not exist
/home/roberto/development/gerrit/gerrit-server/src/test/java/com/google/gerrit/testutil/InMemoryDatabase.java:[23,31] package com.google.gwtorm.client does not exist
/home/roberto/development/gerrit/gerrit-server/src/test/java/com/google/gerrit/testutil/InMemoryDatabase.java:[24,31] package com.google.gwtorm.client does not exist
/home/roberto/development/gerrit/gerrit-server/src/test/java/com/google/gerrit/testutil/InMemoryDatabase.java:[25,29] package com.google.gwtorm.jdbc does not exist
/home/roberto/development/gerrit/gerrit-server/src/test/java/com/google/gerrit/testutil/InMemoryDatabase.java:[26,29] package com.google.gwtorm.jdbc does not exist
/home/roberto/development/gerrit/gerrit-server/src/test/java/com/google/gerrit/testutil/InMemoryDatabase.java:[48,41] cannot find symbol
symbol: class SchemaFactory
public class InMemoryDatabase implements SchemaFactory<ReviewDb> {
/home/roberto/development/gerrit/gerrit-server/src/test/java/com/google/gerrit/testutil/InMemoryDatabase.java:[48,55] cannot find symbol
symbol: class ReviewDb
public class InMemoryDatabase implements SchemaFactory<ReviewDb> {
/home/roberto/development/gerrit/gerrit-server/src/test/java/com/google/gerrit/testutil/InMemoryDatabase.java:[48,54] interface expected here
/home/roberto/development/gerrit/gerrit-server/src/test/java/com/google/gerrit/testutil/InMemoryDatabase.java:[67,10] cannot find symbol
symbol  : class Database
location: class com.google.gerrit.testutil.InMemoryDatabase
/home/roberto/development/gerrit/gerrit-server/src/test/java/com/google/gerrit/testutil/InMemoryDatabase.java:[67,19] cannot find symbol
symbol  : class ReviewDb
location: class com.google.gerrit.testutil.InMemoryDatabase
/home/roberto/development/gerrit/gerrit-server/src/test/java/com/google/gerrit/testutil/InMemoryDatabase.java:[69,10] cannot find symbol
symbol  : class SchemaVersion
location: class com.google.gerrit.testutil.InMemoryDatabase
/home/roberto/development/gerrit/gerrit-server/src/test/java/com/google/gerrit/testutil/InMemoryDatabase.java:[71,35] cannot find symbol
symbol  : class OrmException
location: class com.google.gerrit.testutil.InMemoryDatabase
/home/roberto/development/gerrit/gerrit-server/src/test/java/com/google/gerrit/testutil/InMemoryDatabase.java:[93,9] cannot find symbol
symbol  : class Database
location: class com.google.gerrit.testutil.InMemoryDatabase
/home/roberto/development/gerrit/gerrit-server/src/test/java/com/google/gerrit/testutil/InMemoryDatabase.java:[93,18] cannot find symbol
symbol  : class ReviewDb
location: class com.google.gerrit.testutil.InMemoryDatabase
/home/roberto/development/gerrit/gerrit-server/src/test/java/com/google/gerrit/testutil/InMemoryDatabase.java:[98,9] cannot find symbol
symbol  : class ReviewDb
location: class com.google.gerrit.testutil.InMemoryDatabase
/home/roberto/development/gerrit/gerrit-server/src/test/java/com/google/gerrit/testutil/InMemoryDatabase.java:[98,32] cannot find symbol
symbol  : class OrmException
location: class com.google.gerrit.testutil.InMemoryDatabase
/home/roberto/development/gerrit/gerrit-server/src/test/java/com/google/gerrit/testutil/InMemoryDatabase.java:[103,42] cannot find symbol
symbol  : class OrmException
location: class com.google.gerrit.testutil.InMemoryDatabase
/home/roberto/development/gerrit/gerrit-server/src/test/java/com/google/gerrit/testutil/InMemoryDatabase.java:[130,9] cannot find symbol
symbol  : class SystemConfig
location: class com.google.gerrit.testutil.InMemoryDatabase
/home/roberto/development/gerrit/gerrit-server/src/test/java/com/google/gerrit/testutil/InMemoryDatabase.java:[138,9] cannot find symbol
symbol  : class CurrentSchemaVersion
location: class com.google.gerrit.testutil.InMemoryDatabase
/home/roberto/development/gerrit/gerrit-server/src/test/java/com/google/gerrit/testutil/InMemoryDatabase.java:[138,56] cannot find symbol
symbol  : class OrmException
location: class com.google.gerrit.testutil.InMemoryDatabase
/home/roberto/development/gerrit/gerrit-server/src/test/java/com/google/gerrit/testutil/InMemoryDatabase.java:[147,43] cannot find symbol
symbol  : class OrmException
location: class com.google.gerrit.testutil.InMemoryDatabase
/home/roberto/development/gerrit/gerrit-server/src/test/java/com/google/gerrit/server/patch/PatchListEntryTest.java:[18,33] package com.google.gerrit.reviewdb does not exist
/home/roberto/development/gerrit/gerrit-server/src/test/java/com/google/gerrit/testutil/InMemoryDatabase.java:[55,38] cannot find symbol
symbol  : class SimpleDataSource
location: class com.google.gerrit.testutil.InMemoryDatabase
/home/roberto/development/gerrit/gerrit-server/src/test/java/com/google/gerrit/testutil/InMemoryDatabase.java:[83,21] cannot find symbol
symbol  : class Database
location: class com.google.gerrit.testutil.InMemoryDatabase
/home/roberto/development/gerrit/gerrit-server/src/test/java/com/google/gerrit/testutil/InMemoryDatabase.java:[83,30] cannot find symbol
symbol  : class ReviewDb
location: class com.google.gerrit.testutil.InMemoryDatabase
/home/roberto/development/gerrit/gerrit-server/src/test/java/com/google/gerrit/testutil/InMemoryDatabase.java:[83,52] cannot find symbol
symbol  : class ReviewDb
location: class com.google.gerrit.testutil.InMemoryDatabase
/home/roberto/development/gerrit/gerrit-server/src/test/java/com/google/gerrit/testutil/InMemoryDatabase.java:[87,22] cannot find symbol
symbol  : class SchemaVersion
location: class com.google.gerrit.testutil.InMemoryDatabase
/home/roberto/development/gerrit/gerrit-server/src/test/java/com/google/gerrit/testutil/InMemoryDatabase.java:[87,43] cannot find symbol
symbol  : class Current
location: class com.google.gerrit.testutil.InMemoryDatabase
/home/roberto/development/gerrit/gerrit-server/src/test/java/com/google/gerrit/testutil/InMemoryDatabase.java:[86,48] package SchemaVersion does not exist
/home/roberto/development/gerrit/gerrit-server/src/test/java/com/google/gerrit/testutil/InMemoryDatabase.java:[89,16] cannot find symbol
symbol  : class OrmException
location: class com.google.gerrit.testutil.InMemoryDatabase
/home/roberto/development/gerrit/gerrit-server/src/test/java/com/google/gerrit/testutil/InMemoryDatabase.java:[97,2] method does not override or implement a method from a supertype
/home/roberto/development/gerrit/gerrit-server/src/test/java/com/google/gerrit/testutil/InMemoryDatabase.java:[106,12] cannot find symbol
symbol  : class ReviewDb
location: class com.google.gerrit.testutil.InMemoryDatabase
/home/roberto/development/gerrit/gerrit-server/src/test/java/com/google/gerrit/testutil/InMemoryDatabase.java:[108,12] cannot find symbol
symbol  : class SchemaCreator
location: class com.google.gerrit.testutil.InMemoryDatabase
/home/roberto/development/gerrit/gerrit-server/src/test/java/com/google/gerrit/testutil/InMemoryDatabase.java:[131,15] cannot find symbol
symbol  : class SystemConfigProvider
location: class com.google.gerrit.testutil.InMemoryDatabase
/home/roberto/development/gerrit/gerrit-server/src/test/java/com/google/gerrit/testutil/InMemoryDatabase.java:[131,55] cannot find symbol
symbol  : class SchemaVersion
location: class com.google.gerrit.testutil.InMemoryDatabase
/home/roberto/development/gerrit/gerrit-server/src/test/java/com/google/gerrit/testutil/InMemoryDatabase.java:[132,13] cannot find symbol
symbol: class SchemaVersion
      public SchemaVersion get() {
/home/roberto/development/gerrit/gerrit-server/src/test/java/com/google/gerrit/testutil/InMemoryDatabase.java:[139,10] cannot find symbol
symbol  : class ReviewDb
location: class com.google.gerrit.testutil.InMemoryDatabase
/home/roberto/development/gerrit/gerrit-server/src/test/java/com/google/gerrit/testutil/InMemoryDatabase.java:[141,59] package CurrentSchemaVersion does not exist
/home/roberto/development/gerrit/gerrit-server/src/test/java/com/google/gerrit/testutil/InMemoryDatabase.java:[148,10] cannot find symbol
symbol  : class CurrentSchemaVersion
location: class com.google.gerrit.testutil.InMemoryDatabase
/home/roberto/development/gerrit/gerrit-server/src/test/java/com/google/gerrit/server/patch/PatchListEntryTest.java:[25,10] cannot find symbol
symbol  : class PatchListEntry
location: class com.google.gerrit.server.patch.PatchListEntryTest
/home/roberto/development/gerrit/gerrit-server/src/test/java/com/google/gerrit/server/patch/PatchListEntryTest.java:[25,29] cannot find symbol
symbol  : variable PatchListEntry
location: class com.google.gerrit.server.patch.PatchListEntryTest
/home/roberto/development/gerrit/gerrit-server/src/test/java/com/google/gerrit/server/patch/PatchListEntryTest.java:[28,20] package Patch does not exist
/home/roberto/development/gerrit/gerrit-server/src/test/java/com/google/gerrit/server/patch/PatchListEntryTest.java:[29,20] package Patch does not exist

[INFO] ------------------------------------------------------------------------
[INFO] For more information, run Maven with the -e switch
[INFO] ------------------------------------------------------------------------
[INFO] Total time: 12 seconds
[INFO] Finished at: Thu Mar 17 23:23:01 GMT 2011
[INFO] Final Memory: 55M/345M
[INFO] ------------------------------------------------------------------------
